Build started 17/03/2011 6:40:25 PM.
     1>Project "C:\Program Files (x86)\AMD\OpenGL ES 2.0 Emulator v1.4\Samples2\esTriangle\esTriangle.vcxproj" on node 2 (build target(s)).
     1>InitializeBuildStatus:
         Creating "C:\Program Files (x86)\AMD\OpenGL ES 2.0 Emulator v1.4\Samples2\esTriangle\Debug\esTriangle.unsuccessfulbuild" because "AlwaysCreate" was specified.
       ClCompile:
         C:\Program Files (x86)\Microsoft Visual Studio 10.0\VC\bin\CL.exe /c /I./src /I./../common /I./../../include /ZI /nologo /W3 /WX- /Od /Oy- /D WIN32 /D _DEBUG /D _WINDOWS /D _VC80_UPGRADE=0x0710 /D _MBCS /Gm /EHsc /RTC1 /MDd /GS /fp:precise /Zc:wchar_t /Zc:forScope /Fo"C:\Program Files (x86)\AMD\OpenGL ES 2.0 Emulator v1.4\Samples2\esTriangle\Debug\\" /Fd"C:\Program Files (x86)\AMD\OpenGL ES 2.0 Emulator v1.4\Samples2\esTriangle\Debug\vc100.pdb" /Gd /TP /analyze- /errorReport:prompt ..\common\Uniform.cpp
         Uniform.cpp
     1>c:\program files (x86)\amd\opengl es 2.0 emulator v1.4\samples2\common\uniform.cpp(55): warning C4244: 'initializing' : conversion from 'std::streamoff' to 'const long', possible loss of data
     1>c:\program files (x86)\amd\opengl es 2.0 emulator v1.4\samples2\common\uniform.cpp(472): warning C4244: '=' : conversion from 'std::streamoff' to 'long', possible loss of data
       ManifestResourceCompile:
         All outputs are up-to-date.
       Link:
         C:\Program Files (x86)\Microsoft Visual Studio 10.0\VC\bin\link.exe /ERRORREPORT:PROMPT /OUT:"C:\Program Files (x86)\AMD\OpenGL ES 2.0 Emulator v1.4\Samples2\esTriangle\Debug\esTriangle.exe" /INCREMENTAL /NOLOGO /LIBPATH:./../../lib kernel32.lib user32.lib gdi32.lib winspool.lib comdlg32.lib advapi32.lib shell32.lib ole32.lib oleaut32.lib uuid.lib odbc32.lib odbccp32.lib /MANIFEST /ManifestFile:"C:\Program Files (x86)\AMD\OpenGL ES 2.0 Emulator v1.4\Samples2\esTriangle\Debug\esTriangle.exe.intermediate.manifest" /MANIFESTUAC:"level='asInvoker' uiAccess='false'" /DEBUG /PDB:"C:\Program Files (x86)\AMD\OpenGL ES 2.0 Emulator v1.4\Samples2\esTriangle\Debug\esTriangle.pdb" /SUBSYSTEM:WINDOWS /TLBID:1 /ENTRY:"WinMain" /DYNAMICBASE /NXCOMPAT /IMPLIB:"C:\Program Files (x86)\AMD\OpenGL ES 2.0 Emulator v1.4\Samples2\esTriangle\Debug\esTriangle.lib" /MACHINE:X86 "C:\Program Files (x86)\AMD\OpenGL ES 2.0 Emulator v1.4\Samples2\esTriangle\Debug\esTriangle.exe.embed.manifest.res"
         "C:\Program Files (x86)\AMD\OpenGL ES 2.0 Emulator v1.4\Samples2\esTriangle\Debug\Draw.obj"
         "C:\Program Files (x86)\AMD\OpenGL ES 2.0 Emulator v1.4\Samples2\esTriangle\Debug\Misc.obj"
         "C:\Program Files (x86)\AMD\OpenGL ES 2.0 Emulator v1.4\Samples2\esTriangle\Debug\ImageObject.obj"
         "C:\Program Files (x86)\AMD\OpenGL ES 2.0 Emulator v1.4\Samples2\esTriangle\Debug\main.obj"
         "C:\Program Files (x86)\AMD\OpenGL ES 2.0 Emulator v1.4\Samples2\esTriangle\Debug\Scene.obj"
         "C:\Program Files (x86)\AMD\OpenGL ES 2.0 Emulator v1.4\Samples2\esTriangle\Debug\SimpleImageLoader.obj"
         "C:\Program Files (x86)\AMD\OpenGL ES 2.0 Emulator v1.4\Samples2\esTriangle\Debug\Tga.obj"
         "C:\Program Files (x86)\AMD\OpenGL ES 2.0 Emulator v1.4\Samples2\esTriangle\Debug\Uniform.obj"
         "C:\Program Files (x86)\AMD\OpenGL ES 2.0 Emulator v1.4\Samples2\esTriangle\Debug\UniformData.obj"
       Manifest:
         C:\Program Files (x86)\Microsoft SDKs\Windows\v7.0A\bin\mt.exe /nologo /verbose /out:"C:\Program Files (x86)\AMD\OpenGL ES 2.0 Emulator v1.4\Samples2\esTriangle\Debug\esTriangle.exe.embed.manifest" /manifest "C:\Program Files (x86)\AMD\OpenGL ES 2.0 Emulator v1.4\Samples2\esTriangle\Debug\esTriangle.exe.intermediate.manifest"
         All outputs are up-to-date.
       LinkEmbedManifest:
         All outputs are up-to-date.
         esTriangle.vcxproj -> C:\Program Files (x86)\AMD\OpenGL ES 2.0 Emulator v1.4\Samples2\esTriangle\Debug\esTriangle.exe
       FinalizeBuildStatus:
         Deleting file "C:\Program Files (x86)\AMD\OpenGL ES 2.0 Emulator v1.4\Samples2\esTriangle\Debug\esTriangle.unsuccessfulbuild".
         Touching "C:\Program Files (x86)\AMD\OpenGL ES 2.0 Emulator v1.4\Samples2\esTriangle\Debug\esTriangle.lastbuildstate".
     1>Done Building Project "C:\Program Files (x86)\AMD\OpenGL ES 2.0 Emulator v1.4\Samples2\esTriangle\esTriangle.vcxproj" (build target(s)).

Build succeeded.

Time Elapsed 00:00:00.90
