C:\Program Files (x86)\AMD\OpenGL ES 2.0 Emulator v1.4\Samples2\esTriangle\Debug\cl.command.1.tlog
C:\Program Files (x86)\AMD\OpenGL ES 2.0 Emulator v1.4\Samples2\esTriangle\Debug\CL.read.1.tlog
C:\Program Files (x86)\AMD\OpenGL ES 2.0 Emulator v1.4\Samples2\esTriangle\Debug\CL.write.1.tlog
C:\PROGRAM FILES (X86)\AMD\OPENGL ES 2.0 EMULATOR V1.4\SAMPLES2\ESTRIANGLE\DEBUG\DRAW.OBJ
C:\PROGRAM FILES (X86)\AMD\OPENGL ES 2.0 EMULATOR V1.4\SAMPLES2\ESTRIANGLE\DEBUG\ESTRIANGLE.EXE
C:\PROGRAM FILES (X86)\AMD\OPENGL ES 2.0 EMULATOR V1.4\SAMPLES2\ESTRIANGLE\DEBUG\ESTRIANGLE.EXE.EMBED.MANIFEST
C:\PROGRAM FILES (X86)\AMD\OPENGL ES 2.0 EMULATOR V1.4\SAMPLES2\ESTRIANGLE\DEBUG\ESTRIANGLE.EXE.EMBED.MANIFEST.RES
C:\PROGRAM FILES (X86)\AMD\OPENGL ES 2.0 EMULATOR V1.4\SAMPLES2\ESTRIANGLE\DEBUG\ESTRIANGLE.EXE.INTERMEDIATE.MANIFEST
C:\PROGRAM FILES (X86)\AMD\OPENGL ES 2.0 EMULATOR V1.4\SAMPLES2\ESTRIANGLE\DEBUG\ESTRIANGLE.ILK
C:\PROGRAM FILES (X86)\AMD\OPENGL ES 2.0 EMULATOR V1.4\SAMPLES2\ESTRIANGLE\DEBUG\ESTRIANGLE.PDB
C:\Program Files (x86)\AMD\OpenGL ES 2.0 Emulator v1.4\Samples2\esTriangle\Debug\esTriangle_manifest.rc
C:\PROGRAM FILES (X86)\AMD\OPENGL ES 2.0 EMULATOR V1.4\SAMPLES2\ESTRIANGLE\DEBUG\IMAGEOBJECT.OBJ
C:\Program Files (x86)\AMD\OpenGL ES 2.0 Emulator v1.4\Samples2\esTriangle\Debug\link.6680.read.1.tlog
C:\Program Files (x86)\AMD\OpenGL ES 2.0 Emulator v1.4\Samples2\esTriangle\Debug\link.6680.write.1.tlog
C:\Program Files (x86)\AMD\OpenGL ES 2.0 Emulator v1.4\Samples2\esTriangle\Debug\link.6680-cvtres.read.1.tlog
C:\Program Files (x86)\AMD\OpenGL ES 2.0 Emulator v1.4\Samples2\esTriangle\Debug\link.6680-cvtres.write.1.tlog
C:\Program Files (x86)\AMD\OpenGL ES 2.0 Emulator v1.4\Samples2\esTriangle\Debug\link.command.1.tlog
C:\Program Files (x86)\AMD\OpenGL ES 2.0 Emulator v1.4\Samples2\esTriangle\Debug\link.read.1.tlog
C:\Program Files (x86)\AMD\OpenGL ES 2.0 Emulator v1.4\Samples2\esTriangle\Debug\link.write.1.tlog
C:\Program Files (x86)\AMD\OpenGL ES 2.0 Emulator v1.4\Samples2\esTriangle\Debug\link-cvtres.read.1.tlog
C:\Program Files (x86)\AMD\OpenGL ES 2.0 Emulator v1.4\Samples2\esTriangle\Debug\link-cvtres.write.1.tlog
C:\PROGRAM FILES (X86)\AMD\OPENGL ES 2.0 EMULATOR V1.4\SAMPLES2\ESTRIANGLE\DEBUG\MAIN.OBJ
C:\PROGRAM FILES (X86)\AMD\OPENGL ES 2.0 EMULATOR V1.4\SAMPLES2\ESTRIANGLE\DEBUG\MISC.OBJ
C:\Program Files (x86)\AMD\OpenGL ES 2.0 Emulator v1.4\Samples2\esTriangle\Debug\mt.command.1.tlog
C:\Program Files (x86)\AMD\OpenGL ES 2.0 Emulator v1.4\Samples2\esTriangle\Debug\mt.read.1.tlog
C:\Program Files (x86)\AMD\OpenGL ES 2.0 Emulator v1.4\Samples2\esTriangle\Debug\mt.write.1.tlog
C:\Program Files (x86)\AMD\OpenGL ES 2.0 Emulator v1.4\Samples2\esTriangle\Debug\rc.command.1.tlog
C:\Program Files (x86)\AMD\OpenGL ES 2.0 Emulator v1.4\Samples2\esTriangle\Debug\rc.read.1.tlog
C:\Program Files (x86)\AMD\OpenGL ES 2.0 Emulator v1.4\Samples2\esTriangle\Debug\rc.write.1.tlog
C:\PROGRAM FILES (X86)\AMD\OPENGL ES 2.0 EMULATOR V1.4\SAMPLES2\ESTRIANGLE\DEBUG\SCENE.OBJ
C:\PROGRAM FILES (X86)\AMD\OPENGL ES 2.0 EMULATOR V1.4\SAMPLES2\ESTRIANGLE\DEBUG\SIMPLEIMAGELOADER.OBJ
C:\PROGRAM FILES (X86)\AMD\OPENGL ES 2.0 EMULATOR V1.4\SAMPLES2\ESTRIANGLE\DEBUG\TGA.OBJ
C:\PROGRAM FILES (X86)\AMD\OPENGL ES 2.0 EMULATOR V1.4\SAMPLES2\ESTRIANGLE\DEBUG\UNIFORM.OBJ
C:\PROGRAM FILES (X86)\AMD\OPENGL ES 2.0 EMULATOR V1.4\SAMPLES2\ESTRIANGLE\DEBUG\UNIFORMDATA.OBJ
C:\Program Files (x86)\AMD\OpenGL ES 2.0 Emulator v1.4\Samples2\esTriangle\Debug\vc100.idb
C:\PROGRAM FILES (X86)\AMD\OPENGL ES 2.0 EMULATOR V1.4\SAMPLES2\ESTRIANGLE\DEBUG\VC100.PDB
